This file contains any messages produced by compilers while
running configure, to aid debugging if configure makes a mistake.

It was created by hdf-eos5 configure 2.0, which was
generated by GNU Autoconf 2.69.  Invocation command line was

  $ ./configure 

## --------- ##
## Platform. ##
## --------- ##

hostname = Joey-PC
uname -m = x86_64
uname -r = 5.15.153.1-microsoft-standard-WSL2
uname -s = Linux
uname -v = #1 SMP Fri Mar 29 23:14:13 UTC 2024

/usr/bin/uname -p = x86_64
/bin/uname -X     = unknown

/bin/arch              = x86_64
/usr/bin/arch -k       = unknown
/usr/convex/getsysinfo = unknown
/usr/bin/hostinfo      = unknown
/bin/machine           = unknown
/usr/bin/oslevel       = unknown
/bin/universe          = unknown

PATH: /home/joseph/.local/bin
PATH: /home/joseph/micromamba/condabin
PATH: /home/joseph/.cargo/bin
PATH: /usr/local/sbin
PATH: /usr/local/bin
PATH: /usr/sbin
PATH: /usr/bin
PATH: /sbin
PATH: /bin
PATH: /usr/games
PATH: /usr/local/games
PATH: /usr/lib/wsl/lib
PATH: /mnt/c/Users/Joey/micromamba/condabin
PATH: /mnt/c/Program Files (x86)/NVIDIA Corporation/PhysX/Common
PATH: /mnt/c/Program Files/Microsoft/jdk-21.0.2.13-hotspot/bin
PATH: /mnt/e/Quarto/bin
PATH: /mnt/c/WINDOWS/system32
PATH: /mnt/c/WINDOWS
PATH: /mnt/c/WINDOWS/System32/Wbem
PATH: /mnt/c/WINDOWS/System32/WindowsPowerShell/v1.0/
PATH: /mnt/c/WINDOWS/System32/OpenSSH/
PATH: /mnt/c/Program Files/Git/cmd
PATH: /mnt/c/Program Files/NVIDIA Corporation/NVIDIA NvDLISR
PATH: /mnt/c/Users/Joey/AppData/Roaming/nvm
PATH: /mnt/c/Program Files/nodejs
PATH: /mnt/c/Program Files/WezTerm
PATH: /mnt/c/Program Files/dotnet/
PATH: /mnt/c/Program Files/CMake/bin
PATH: /mnt/c/Program Files/Sniffnet/
PATH: /mnt/c/Users/Joey/scoop/shims
PATH: /mnt/c/Users/Joey/AppData/Local/micromamba
PATH: /mnt/c/Users/Joey/.cargo/bin
PATH: /mnt/c/Users/Joey/AppData/Local/Microsoft/WindowsApps
PATH: /mnt/c/Users/Joey/AppData/Local/GitHubDesktop/bin
PATH: /mnt/c/Users/Joey/AppData/Roaming/nvm
PATH: /mnt/c/Program Files/nodejs
PATH: /mnt/c/Users/Joey/micromamba/condabin
PATH: /mnt/c/Users/Joey/AppData/Local/gitkraken/bin
PATH: /mnt/e/cranelift/bin
PATH: /snap/bin
PATH: /home/joseph/.cargo/bin


## ----------- ##
## Core tests. ##
## ----------- ##

configure:2704: checking for a BSD-compatible install
configure:2772: result: /usr/bin/install -c
configure:2783: checking whether build environment is sane
configure:2838: result: yes
configure:2989: checking for a thread-safe mkdir -p
configure:3028: result: /usr/bin/mkdir -p
configure:3035: checking for gawk
configure:3051: found /usr/bin/gawk
configure:3062: result: gawk
configure:3073: checking whether make sets $(MAKE)
configure:3095: result: yes
configure:3124: checking whether make supports nested variables
configure:3141: result: yes
configure:3226: checking whether to enable maintainer-specific portions of Makefiles
configure:3235: result: no
configure:3314: checking build system type
configure:3328: result: x86_64-unknown-linux-gnu
configure:3348: checking host system type
configure:3361: result: x86_64-unknown-linux-gnu
configure:3402: checking how to print strings
configure:3429: result: printf
configure:3462: checking for style of include used by make
configure:3490: result: GNU
configure:3561: checking for gcc
configure:3577: found /usr/bin/gcc
configure:3588: result: gcc
configure:3817: checking for C compiler version
configure:3826: gcc --version >&5
gcc (Ubuntu 11.4.0-1ubuntu1~22.04) 11.4.0
Copyright (C) 2021 Free Software Foundation, Inc.
This is free software; see the source for copying conditions.  There is NO
warranty; not even for MERCHANTABILITY or FITNESS FOR A PARTICULAR PURPOSE.

configure:3837: $? = 0
configure:3826: gcc -v >&5
Using built-in specs.
COLLECT_GCC=gcc
COLLECT_LTO_WRAPPER=/usr/lib/gcc/x86_64-linux-gnu/11/lto-wrapper
OFFLOAD_TARGET_NAMES=nvptx-none:amdgcn-amdhsa
OFFLOAD_TARGET_DEFAULT=1
Target: x86_64-linux-gnu
Configured with: ../src/configure -v --with-pkgversion='Ubuntu 11.4.0-1ubuntu1~22.04' --with-bugurl=file:///usr/share/doc/gcc-11/README.Bugs --enable-languages=c,ada,c++,go,brig,d,fortran,objc,obj-c++,m2 --prefix=/usr --with-gcc-major-version-only --program-suffix=-11 --program-prefix=x86_64-linux-gnu- --enable-shared --enable-linker-build-id --libexecdir=/usr/lib --without-included-gettext --enable-threads=posix --libdir=/usr/lib --enable-nls --enable-bootstrap --enable-clocale=gnu --enable-libstdcxx-debug --enable-libstdcxx-time=yes --with-default-libstdcxx-abi=new --enable-gnu-unique-object --disable-vtable-verify --enable-plugin --enable-default-pie --with-system-zlib --enable-libphobos-checking=release --with-target-system-zlib=auto --enable-objc-gc=auto --enable-multiarch --disable-werror --enable-cet --with-arch-32=i686 --with-abi=m64 --with-multilib-list=m32,m64,mx32 --enable-multilib --with-tune=generic --enable-offload-targets=nvptx-none=/build/gcc-11-XeT9lY/gcc-11-11.4.0/debian/tmp-nvptx/usr,amdgcn-amdhsa=/build/gcc-11-XeT9lY/gcc-11-11.4.0/debian/tmp-gcn/usr --without-cuda-driver --enable-checking=release --build=x86_64-linux-gnu --host=x86_64-linux-gnu --target=x86_64-linux-gnu --with-build-config=bootstrap-lto-lean --enable-link-serialization=2
Thread model: posix
Supported LTO compression algorithms: zlib zstd
gcc version 11.4.0 (Ubuntu 11.4.0-1ubuntu1~22.04) 
... rest of stderr output deleted ...
configure:3837: $? = 0
configure:3826: gcc -V >&5
gcc: error: unrecognized command-line option '-V'
gcc: fatal error: no input files
compilation terminated.
configure:3837: $? = 1
configure:3826: gcc -qversion >&5
gcc: error: unrecognized command-line option '-qversion'; did you mean '--version'?
gcc: fatal error: no input files
compilation terminated.
configure:3837: $? = 1
configure:3857: checking whether the C compiler works
configure:3879: gcc    conftest.c  >&5
configure:3883: $? = 0
configure:3931: result: yes
configure:3934: checking for C compiler default output file name
configure:3936: result: a.out
configure:3942: checking for suffix of executables
configure:3949: gcc -o conftest    conftest.c  >&5
configure:3953: $? = 0
configure:3975: result: 
configure:3997: checking whether we are cross compiling
configure:4005: gcc -o conftest    conftest.c  >&5
configure:4009: $? = 0
configure:4016: ./conftest
configure:4020: $? = 0
configure:4035: result: no
configure:4040: checking for suffix of object files
configure:4062: gcc -c   conftest.c >&5
configure:4066: $? = 0
configure:4087: result: o
configure:4091: checking whether we are using the GNU C compiler
configure:4110: gcc -c   conftest.c >&5
configure:4110: $? = 0
configure:4119: result: yes
configure:4128: checking whether gcc accepts -g
configure:4148: gcc -c -g  conftest.c >&5
configure:4148: $? = 0
configure:4189: result: yes
configure:4206: checking for gcc option to accept ISO C89
configure:4269: gcc  -c -g -O2  conftest.c >&5
configure:4269: $? = 0
configure:4282: result: none needed
configure:4304: checking dependency style of gcc
configure:4415: result: gcc3
configure:4430: checking for a sed that does not truncate output
configure:4494: result: /usr/bin/sed
configure:4512: checking for grep that handles long lines and -e
configure:4570: result: /usr/bin/grep
configure:4575: checking for egrep
configure:4637: result: /usr/bin/grep -E
configure:4642: checking for fgrep
configure:4704: result: /usr/bin/grep -F
configure:4739: checking for ld used by gcc
configure:4806: result: /usr/bin/ld
configure:4813: checking if the linker (/usr/bin/ld) is GNU ld
configure:4828: result: yes
configure:4840: checking for BSD- or MS-compatible name lister (nm)
configure:4889: result: /usr/bin/nm -B
configure:5019: checking the name lister (/usr/bin/nm -B) interface
configure:5026: gcc -c -g -O2  conftest.c >&5
configure:5029: /usr/bin/nm -B "conftest.o"
configure:5032: output
0000000000000000 B some_variable
configure:5039: result: BSD nm
configure:5042: checking whether ln -s works
configure:5046: result: yes
configure:5054: checking the maximum length of command line arguments
configure:5184: result: 1572864
configure:5201: checking whether the shell understands some XSI constructs
configure:5211: result: yes
configure:5215: checking whether the shell understands "+="
configure:5221: result: yes
configure:5256: checking how to convert x86_64-unknown-linux-gnu file names to x86_64-unknown-linux-gnu format
configure:5296: result: func_convert_file_noop
configure:5303: checking how to convert x86_64-unknown-linux-gnu file names to toolchain format
configure:5323: result: func_convert_file_noop
configure:5330: checking for /usr/bin/ld option to reload object files
configure:5337: result: -r
configure:5411: checking for objdump
configure:5427: found /usr/bin/objdump
configure:5438: result: objdump
configure:5470: checking how to recognize dependent libraries
configure:5672: result: pass_all
configure:5757: checking for dlltool
configure:5787: result: no
configure:5817: checking how to associate runtime and link libraries
configure:5844: result: printf %s\n
configure:5905: checking for ar
configure:5921: found /usr/bin/ar
configure:5932: result: ar
configure:5969: checking for archiver @FILE support
configure:5986: gcc -c -g -O2  conftest.c >&5
configure:5986: $? = 0
configure:5989: ar cru libconftest.a @conftest.lst >&5
ar: `u' modifier ignored since `D' is the default (see `U')
configure:5992: $? = 0
configure:5997: ar cru libconftest.a @conftest.lst >&5
ar: `u' modifier ignored since `D' is the default (see `U')
ar: conftest.o: No such file or directory
configure:6000: $? = 1
configure:6012: result: @
configure:6070: checking for strip
configure:6086: found /usr/bin/strip
configure:6097: result: strip
configure:6169: checking for ranlib
configure:6185: found /usr/bin/ranlib
configure:6196: result: ranlib
configure:6298: checking command to parse /usr/bin/nm -B output from gcc object
configure:6418: gcc -c -g -O2  conftest.c >&5
configure:6421: $? = 0
configure:6425: /usr/bin/nm -B conftest.o \| sed -n -e 's/^.*[ ]\([ABCDGIRSTW][ABCDGIRSTW]*\)[ ][ ]*\([_A-Za-z][_A-Za-z0-9]*\)$/\1 \2 \2/p' | sed '/ __gnu_lto/d' \> conftest.nm
configure:6428: $? = 0
configure:6494: gcc -o conftest -g -O2   conftest.c conftstm.o >&5
configure:6497: $? = 0
configure:6535: result: ok
configure:6572: checking for sysroot
configure:6602: result: no
configure:6679: gcc -c -g -O2  conftest.c >&5
configure:6682: $? = 0
configure:6858: checking for mt
configure:6874: found /usr/bin/mt
configure:6885: result: mt
configure:6908: checking if mt is a manifest tool
configure:6914: mt '-?'
configure:6922: result: no
configure:7564: checking how to run the C preprocessor
configure:7595: gcc -E  conftest.c
configure:7595: $? = 0
configure:7609: gcc -E  conftest.c
conftest.c:11:10: fatal error: ac_nonexistent.h: No such file or directory
   11 | #include <ac_nonexistent.h>
      |          ^~~~~~~~~~~~~~~~~~
compilation terminated.
configure:7609: $? = 1
configure: failed program was:
| /* confdefs.h */
| #define PACKAGE_NAME "hdf-eos5"
| #define PACKAGE_TARNAME "hdf-eos5"
| #define PACKAGE_VERSION "2.0"
| #define PACKAGE_STRING "hdf-eos5 2.0"
| #define PACKAGE_BUGREPORT "null@bogus.email"
| #define PACKAGE_URL ""
| #define PACKAGE "hdf-eos5"
| #define VERSION "2.0"
| /* end confdefs.h.  */
| #include <ac_nonexistent.h>
configure:7634: result: gcc -E
configure:7654: gcc -E  conftest.c
configure:7654: $? = 0
configure:7668: gcc -E  conftest.c
conftest.c:11:10: fatal error: ac_nonexistent.h: No such file or directory
   11 | #include <ac_nonexistent.h>
      |          ^~~~~~~~~~~~~~~~~~
compilation terminated.
configure:7668: $? = 1
configure: failed program was:
| /* confdefs.h */
| #define PACKAGE_NAME "hdf-eos5"
| #define PACKAGE_TARNAME "hdf-eos5"
| #define PACKAGE_VERSION "2.0"
| #define PACKAGE_STRING "hdf-eos5 2.0"
| #define PACKAGE_BUGREPORT "null@bogus.email"
| #define PACKAGE_URL ""
| #define PACKAGE "hdf-eos5"
| #define VERSION "2.0"
| /* end confdefs.h.  */
| #include <ac_nonexistent.h>
configure:7697: checking for ANSI C header files
configure:7717: gcc -c -g -O2  conftest.c >&5
configure:7717: $? = 0
configure:7790: gcc -o conftest -g -O2   conftest.c  >&5
configure:7790: $? = 0
configure:7790: ./conftest
configure:7790: $? = 0
configure:7801: result: yes
configure:7814: checking for sys/types.h
configure:7814: gcc -c -g -O2  conftest.c >&5
configure:7814: $? = 0
configure:7814: result: yes
configure:7814: checking for sys/stat.h
configure:7814: gcc -c -g -O2  conftest.c >&5
configure:7814: $? = 0
configure:7814: result: yes
configure:7814: checking for stdlib.h
configure:7814: gcc -c -g -O2  conftest.c >&5
configure:7814: $? = 0
configure:7814: result: yes
configure:7814: checking for string.h
configure:7814: gcc -c -g -O2  conftest.c >&5
configure:7814: $? = 0
configure:7814: result: yes
configure:7814: checking for memory.h
configure:7814: gcc -c -g -O2  conftest.c >&5
configure:7814: $? = 0
configure:7814: result: yes
configure:7814: checking for strings.h
configure:7814: gcc -c -g -O2  conftest.c >&5
configure:7814: $? = 0
configure:7814: result: yes
configure:7814: checking for inttypes.h
configure:7814: gcc -c -g -O2  conftest.c >&5
configure:7814: $? = 0
configure:7814: result: yes
configure:7814: checking for stdint.h
configure:7814: gcc -c -g -O2  conftest.c >&5
configure:7814: $? = 0
configure:7814: result: yes
configure:7814: checking for unistd.h
configure:7814: gcc -c -g -O2  conftest.c >&5
configure:7814: $? = 0
configure:7814: result: yes
configure:7828: checking for dlfcn.h
configure:7828: gcc -c -g -O2  conftest.c >&5
configure:7828: $? = 0
configure:7828: result: yes
configure:8004: checking for objdir
configure:8019: result: .libs
configure:8290: checking if gcc supports -fno-rtti -fno-exceptions
configure:8308: gcc -c -g -O2  -fno-rtti -fno-exceptions conftest.c >&5
cc1: warning: command-line option '-fno-rtti' is valid for C++/D/ObjC++ but not for C
configure:8312: $? = 0
configure:8325: result: no
configure:8652: checking for gcc option to produce PIC
configure:8659: result: -fPIC -DPIC
configure:8667: checking if gcc PIC flag -fPIC -DPIC works
configure:8685: gcc -c -g -O2  -fPIC -DPIC -DPIC conftest.c >&5
configure:8689: $? = 0
configure:8702: result: yes
configure:8731: checking if gcc static flag -static works
configure:8759: result: yes
configure:8774: checking if gcc supports -c -o file.o
configure:8795: gcc -c -g -O2  -o out/conftest2.o conftest.c >&5
configure:8799: $? = 0
configure:8821: result: yes
configure:8829: checking if gcc supports -c -o file.o
configure:8876: result: yes
configure:8909: checking whether the gcc linker (/usr/bin/ld -m elf_x86_64) supports shared libraries
configure:10062: result: yes
configure:10302: checking dynamic linker characteristics
configure:10813: gcc -o conftest -g -O2   -Wl,-rpath -Wl,/foo conftest.c  >&5
configure:10813: $? = 0
configure:11039: result: GNU/Linux ld.so
configure:11146: checking how to hardcode library paths into programs
configure:11171: result: immediate
configure:11711: checking whether stripping libraries is possible
configure:11716: result: yes
configure:11751: checking if libtool supports shared libraries
configure:11753: result: yes
configure:11756: checking whether to build shared libraries
configure:11777: result: no
configure:11780: checking whether to build static libraries
configure:11784: result: yes
configure:11878: checking for ceil in -lm
configure:11903: gcc -o conftest -g -O2   conftest.c -lm   >&5
conftest.c:30:6: warning: conflicting types for built-in function 'ceil'; expected 'double(double)' [-Wbuiltin-declaration-mismatch]
   30 | char ceil ();
      |      ^~~~
conftest.c:1:1: note: 'ceil' is declared in header '<math.h>'
    1 | /* confdefs.h */
configure:11903: $? = 0
configure:11912: result: yes
configure:11935: checking size of long
configure:11940: gcc -o conftest -g -O2   conftest.c -lm  >&5
configure:11940: $? = 0
configure:11940: ./conftest
configure:11940: $? = 0
configure:11954: result: 8
configure:11971: checking whether byte ordering is bigendian
configure:11986: gcc -c -g -O2  -DSIZEOF_LONG=8 conftest.c >&5
conftest.c:26:16: error: unknown type name 'not'
   26 |                not a universal capable compiler
      |                ^~~
conftest.c:26:22: error: expected '=', ',', ';', 'asm' or '__attribute__' before 'universal'
   26 |                not a universal capable compiler
      |                      ^~~~~~~~~
conftest.c:26:22: error: unknown type name 'universal'
configure:11986: $? = 1
configure: failed program was:
| /* confdefs.h */
| #define PACKAGE_NAME "hdf-eos5"
| #define PACKAGE_TARNAME "hdf-eos5"
| #define PACKAGE_VERSION "2.0"
| #define PACKAGE_STRING "hdf-eos5 2.0"
| #define PACKAGE_BUGREPORT "null@bogus.email"
| #define PACKAGE_URL ""
| #define PACKAGE "hdf-eos5"
| #define VERSION "2.0"
| #define STDC_HEADERS 1
| #define HAVE_SYS_TYPES_H 1
| #define HAVE_SYS_STAT_H 1
| #define HAVE_STDLIB_H 1
| #define HAVE_STRING_H 1
| #define HAVE_MEMORY_H 1
| #define HAVE_STRINGS_H 1
| #define HAVE_INTTYPES_H 1
| #define HAVE_STDINT_H 1
| #define HAVE_UNISTD_H 1
| #define HAVE_DLFCN_H 1
| #define LT_OBJDIR ".libs/"
| #define HAVE_LIBM 1
| #define SIZEOF_LONG 8
| /* end confdefs.h.  */
| #ifndef __APPLE_CC__
| 	       not a universal capable compiler
| 	     #endif
| 	     typedef int dummy;
| 
configure:12031: gcc -c -g -O2  -DSIZEOF_LONG=8 conftest.c >&5
configure:12031: $? = 0
configure:12049: gcc -c -g -O2  -DSIZEOF_LONG=8 conftest.c >&5
conftest.c: In function 'main':
conftest.c:32:18: error: unknown type name 'not'; did you mean 'ino_t'?
   32 |                  not big endian
      |                  ^~~
      |                  ino_t
conftest.c:32:26: error: expected '=', ',', ';', 'asm' or '__attribute__' before 'endian'
   32 |                  not big endian
      |                          ^~~~~~
configure:12049: $? = 1
configure: failed program was:
| /* confdefs.h */
| #define PACKAGE_NAME "hdf-eos5"
| #define PACKAGE_TARNAME "hdf-eos5"
| #define PACKAGE_VERSION "2.0"
| #define PACKAGE_STRING "hdf-eos5 2.0"
| #define PACKAGE_BUGREPORT "null@bogus.email"
| #define PACKAGE_URL ""
| #define PACKAGE "hdf-eos5"
| #define VERSION "2.0"
| #define STDC_HEADERS 1
| #define HAVE_SYS_TYPES_H 1
| #define HAVE_SYS_STAT_H 1
| #define HAVE_STDLIB_H 1
| #define HAVE_STRING_H 1
| #define HAVE_MEMORY_H 1
| #define HAVE_STRINGS_H 1
| #define HAVE_INTTYPES_H 1
| #define HAVE_STDINT_H 1
| #define HAVE_UNISTD_H 1
| #define HAVE_DLFCN_H 1
| #define LT_OBJDIR ".libs/"
| #define HAVE_LIBM 1
| #define SIZEOF_LONG 8
| /* end confdefs.h.  */
| #include <sys/types.h>
| 		#include <sys/param.h>
| 
| int
| main ()
| {
| #if BYTE_ORDER != BIG_ENDIAN
| 		 not big endian
| 		#endif
| 
|   ;
|   return 0;
| }
configure:12177: result: no
configure:12207: checking for pthread_create in -lpthread
configure:12232: gcc -o conftest -g -O2  -DSIZEOF_LONG=8  conftest.c -lpthread  -lm  >&5
configure:12232: $? = 0
configure:12241: result: yes
configure:12287: checking for compress2 in -lz
configure:12312: gcc -o conftest -g -O2  -DSIZEOF_LONG=8  conftest.c -lz  -lpthread -lm  >&5
configure:12312: $? = 0
configure:12321: result: yes
configure:12689: checking for g77
configure:12719: result: no
configure:12689: checking for xlf
configure:12719: result: no
configure:12689: checking for f77
configure:12719: result: no
configure:12689: checking for frt
configure:12719: result: no
configure:12689: checking for pgf77
configure:12719: result: no
configure:12689: checking for cf77
configure:12719: result: no
configure:12689: checking for fort77
configure:12719: result: no
configure:12689: checking for fl32
configure:12719: result: no
configure:12689: checking for af77
configure:12719: result: no
configure:12689: checking for xlf90
configure:12719: result: no
configure:12689: checking for f90
configure:12719: result: no
configure:12689: checking for pgf90
configure:12719: result: no
configure:12689: checking for pghpf
configure:12719: result: no
configure:12689: checking for epcf90
configure:12719: result: no
configure:12689: checking for gfortran
configure:12719: result: no
configure:12689: checking for g95
configure:12719: result: no
configure:12689: checking for xlf95
configure:12719: result: no
configure:12689: checking for f95
configure:12719: result: no
configure:12689: checking for fort
configure:12719: result: no
configure:12689: checking for ifort
configure:12719: result: no
configure:12689: checking for ifc
configure:12719: result: no
configure:12689: checking for efc
configure:12719: result: no
configure:12689: checking for pgfortran
configure:12719: result: no
configure:12689: checking for pgf95
configure:12719: result: no
configure:12689: checking for lf95
configure:12719: result: no
configure:12689: checking for ftn
configure:12719: result: no
configure:12689: checking for nagfor
configure:12719: result: no
configure:12742: checking for Fortran 77 compiler version
configure:12751:  --version >&5
./configure: line 12753: --version: command not found
configure:12762: $? = 127
configure:12751:  -v >&5
./configure: line 12753: -v: command not found
configure:12762: $? = 127
configure:12751:  -V >&5
./configure: line 12753: -V: command not found
configure:12762: $? = 127
configure:12751:  -qversion >&5
./configure: line 12753: -qversion: command not found
configure:12762: $? = 127
configure:12771: checking whether we are using the GNU Fortran 77 compiler
configure:12784:  -c  conftest.F >&5
./configure: line 2007: -c: command not found
configure:12784: $? = 127
configure: failed program was:
|       program main
| #ifndef __GNUC__
|        choke me
| #endif
| 
|       end
configure:12793: result: no
configure:12799: checking whether  accepts -g
configure:12810:  -c -g conftest.f >&5
./configure: line 2007: -c: command not found
configure:12810: $? = 127
configure: failed program was:
|       program main
| 
|       end
configure:12818: result: no
configure:15622: checking for gfortran
configure:15652: result: no
configure:15622: checking for g95
configure:15652: result: no
configure:15622: checking for xlf95
configure:15652: result: no
configure:15622: checking for f95
configure:15652: result: no
configure:15622: checking for fort
configure:15652: result: no
configure:15622: checking for ifort
configure:15652: result: no
configure:15622: checking for ifc
configure:15652: result: no
configure:15622: checking for efc
configure:15652: result: no
configure:15622: checking for pgfortran
configure:15652: result: no
configure:15622: checking for pgf95
configure:15652: result: no
configure:15622: checking for lf95
configure:15652: result: no
configure:15622: checking for ftn
configure:15652: result: no
configure:15622: checking for nagfor
configure:15652: result: no
configure:15622: checking for xlf90
configure:15652: result: no
configure:15622: checking for f90
configure:15652: result: no
configure:15622: checking for pgf90
configure:15652: result: no
configure:15622: checking for pghpf
configure:15652: result: no
configure:15622: checking for epcf90
configure:15652: result: no
configure:15622: checking for g77
configure:15652: result: no
configure:15622: checking for xlf
configure:15652: result: no
configure:15622: checking for f77
configure:15652: result: no
configure:15622: checking for frt
configure:15652: result: no
configure:15622: checking for pgf77
configure:15652: result: no
configure:15622: checking for cf77
configure:15652: result: no
configure:15622: checking for fort77
configure:15652: result: no
configure:15622: checking for fl32
configure:15652: result: no
configure:15622: checking for af77
configure:15652: result: no
configure:15675: checking for Fortran compiler version
configure:15684:  --version >&5
./configure: line 15686: --version: command not found
configure:15695: $? = 127
configure:15684:  -v >&5
./configure: line 15686: -v: command not found
configure:15695: $? = 127
configure:15684:  -V >&5
./configure: line 15686: -V: command not found
configure:15695: $? = 127
configure:15684:  -qversion >&5
./configure: line 15686: -qversion: command not found
configure:15695: $? = 127
configure:15704: checking whether we are using the GNU Fortran compiler
configure:15717:  -c   conftest.F >&5
./configure: line 2091: -c: command not found
configure:15717: $? = 127
configure: failed program was:
|       program main
| #ifndef __GNUC__
|        choke me
| #endif
| 
|       end
configure:15726: result: no
configure:15732: checking whether  accepts -g
configure:15743:  -c -g  conftest.f >&5
./configure: line 2091: -c: command not found
configure:15743: $? = 127
configure: failed program was:
|       program main
| 
|       end
configure:15751: result: no
configure:18784: Fortran compiler not found
configure:18830: checking szlib.h usability
configure:18830: gcc -c -g -O2  -DSIZEOF_LONG=8 conftest.c >&5
conftest.c:60:10: fatal error: szlib.h: No such file or directory
   60 | #include <szlib.h>
      |          ^~~~~~~~~
compilation terminated.
configure:18830: $? = 1
configure: failed program was:
| /* confdefs.h */
| #define PACKAGE_NAME "hdf-eos5"
| #define PACKAGE_TARNAME "hdf-eos5"
| #define PACKAGE_VERSION "2.0"
| #define PACKAGE_STRING "hdf-eos5 2.0"
| #define PACKAGE_BUGREPORT "null@bogus.email"
| #define PACKAGE_URL ""
| #define PACKAGE "hdf-eos5"
| #define VERSION "2.0"
| #define STDC_HEADERS 1
| #define HAVE_SYS_TYPES_H 1
| #define HAVE_SYS_STAT_H 1
| #define HAVE_STDLIB_H 1
| #define HAVE_STRING_H 1
| #define HAVE_MEMORY_H 1
| #define HAVE_STRINGS_H 1
| #define HAVE_INTTYPES_H 1
| #define HAVE_STDINT_H 1
| #define HAVE_UNISTD_H 1
| #define HAVE_DLFCN_H 1
| #define LT_OBJDIR ".libs/"
| #define HAVE_LIBM 1
| #define SIZEOF_LONG 8
| #define HAVE_LIBPTHREAD 1
| #define HAVE_LIBZ 1
| /* end confdefs.h.  */
| #include <stdio.h>
| #ifdef HAVE_SYS_TYPES_H
| # include <sys/types.h>
| #endif
| #ifdef HAVE_SYS_STAT_H
| # include <sys/stat.h>
| #endif
| #ifdef STDC_HEADERS
| # include <stdlib.h>
| # include <stddef.h>
| #else
| # ifdef HAVE_STDLIB_H
| #  include <stdlib.h>
| # endif
| #endif
| #ifdef HAVE_STRING_H
| # if !defined STDC_HEADERS && defined HAVE_MEMORY_H
| #  include <memory.h>
| # endif
| # include <string.h>
| #endif
| #ifdef HAVE_STRINGS_H
| # include <strings.h>
| #endif
| #ifdef HAVE_INTTYPES_H
| # include <inttypes.h>
| #endif
| #ifdef HAVE_STDINT_H
| # include <stdint.h>
| #endif
| #ifdef HAVE_UNISTD_H
| # include <unistd.h>
| #endif
| #include <szlib.h>
configure:18830: result: no
configure:18830: checking szlib.h presence
configure:18830: gcc -E  -DSIZEOF_LONG=8 conftest.c
conftest.c:27:10: fatal error: szlib.h: No such file or directory
   27 | #include <szlib.h>
      |          ^~~~~~~~~
compilation terminated.
configure:18830: $? = 1
configure: failed program was:
| /* confdefs.h */
| #define PACKAGE_NAME "hdf-eos5"
| #define PACKAGE_TARNAME "hdf-eos5"
| #define PACKAGE_VERSION "2.0"
| #define PACKAGE_STRING "hdf-eos5 2.0"
| #define PACKAGE_BUGREPORT "null@bogus.email"
| #define PACKAGE_URL ""
| #define PACKAGE "hdf-eos5"
| #define VERSION "2.0"
| #define STDC_HEADERS 1
| #define HAVE_SYS_TYPES_H 1
| #define HAVE_SYS_STAT_H 1
| #define HAVE_STDLIB_H 1
| #define HAVE_STRING_H 1
| #define HAVE_MEMORY_H 1
| #define HAVE_STRINGS_H 1
| #define HAVE_INTTYPES_H 1
| #define HAVE_STDINT_H 1
| #define HAVE_UNISTD_H 1
| #define HAVE_DLFCN_H 1
| #define LT_OBJDIR ".libs/"
| #define HAVE_LIBM 1
| #define SIZEOF_LONG 8
| #define HAVE_LIBPTHREAD 1
| #define HAVE_LIBZ 1
| /* end confdefs.h.  */
| #include <szlib.h>
configure:18830: result: no
configure:18830: checking for szlib.h
configure:18830: result: no
configure:18859: checking szlib.h usability
configure:18859: gcc -c -g -O2  -DSIZEOF_LONG=8 -I/usr/local/include conftest.c >&5
conftest.c:60:10: fatal error: szlib.h: No such file or directory
   60 | #include <szlib.h>
      |          ^~~~~~~~~
compilation terminated.
configure:18859: $? = 1
configure: failed program was:
| /* confdefs.h */
| #define PACKAGE_NAME "hdf-eos5"
| #define PACKAGE_TARNAME "hdf-eos5"
| #define PACKAGE_VERSION "2.0"
| #define PACKAGE_STRING "hdf-eos5 2.0"
| #define PACKAGE_BUGREPORT "null@bogus.email"
| #define PACKAGE_URL ""
| #define PACKAGE "hdf-eos5"
| #define VERSION "2.0"
| #define STDC_HEADERS 1
| #define HAVE_SYS_TYPES_H 1
| #define HAVE_SYS_STAT_H 1
| #define HAVE_STDLIB_H 1
| #define HAVE_STRING_H 1
| #define HAVE_MEMORY_H 1
| #define HAVE_STRINGS_H 1
| #define HAVE_INTTYPES_H 1
| #define HAVE_STDINT_H 1
| #define HAVE_UNISTD_H 1
| #define HAVE_DLFCN_H 1
| #define LT_OBJDIR ".libs/"
| #define HAVE_LIBM 1
| #define SIZEOF_LONG 8
| #define HAVE_LIBPTHREAD 1
| #define HAVE_LIBZ 1
| /* end confdefs.h.  */
| #include <stdio.h>
| #ifdef HAVE_SYS_TYPES_H
| # include <sys/types.h>
| #endif
| #ifdef HAVE_SYS_STAT_H
| # include <sys/stat.h>
| #endif
| #ifdef STDC_HEADERS
| # include <stdlib.h>
| # include <stddef.h>
| #else
| # ifdef HAVE_STDLIB_H
| #  include <stdlib.h>
| # endif
| #endif
| #ifdef HAVE_STRING_H
| # if !defined STDC_HEADERS && defined HAVE_MEMORY_H
| #  include <memory.h>
| # endif
| # include <string.h>
| #endif
| #ifdef HAVE_STRINGS_H
| # include <strings.h>
| #endif
| #ifdef HAVE_INTTYPES_H
| # include <inttypes.h>
| #endif
| #ifdef HAVE_STDINT_H
| # include <stdint.h>
| #endif
| #ifdef HAVE_UNISTD_H
| # include <unistd.h>
| #endif
| #include <szlib.h>
configure:18859: result: no
configure:18859: checking szlib.h presence
configure:18859: gcc -E  -DSIZEOF_LONG=8 -I/usr/local/include conftest.c
conftest.c:27:10: fatal error: szlib.h: No such file or directory
   27 | #include <szlib.h>
      |          ^~~~~~~~~
compilation terminated.
configure:18859: $? = 1
configure: failed program was:
| /* confdefs.h */
| #define PACKAGE_NAME "hdf-eos5"
| #define PACKAGE_TARNAME "hdf-eos5"
| #define PACKAGE_VERSION "2.0"
| #define PACKAGE_STRING "hdf-eos5 2.0"
| #define PACKAGE_BUGREPORT "null@bogus.email"
| #define PACKAGE_URL ""
| #define PACKAGE "hdf-eos5"
| #define VERSION "2.0"
| #define STDC_HEADERS 1
| #define HAVE_SYS_TYPES_H 1
| #define HAVE_SYS_STAT_H 1
| #define HAVE_STDLIB_H 1
| #define HAVE_STRING_H 1
| #define HAVE_MEMORY_H 1
| #define HAVE_STRINGS_H 1
| #define HAVE_INTTYPES_H 1
| #define HAVE_STDINT_H 1
| #define HAVE_UNISTD_H 1
| #define HAVE_DLFCN_H 1
| #define LT_OBJDIR ".libs/"
| #define HAVE_LIBM 1
| #define SIZEOF_LONG 8
| #define HAVE_LIBPTHREAD 1
| #define HAVE_LIBZ 1
| /* end confdefs.h.  */
| #include <szlib.h>
configure:18859: result: no
configure:18859: checking for szlib.h
configure:18859: result: no
configure:18888: checking szlib.h usability
configure:18888: gcc -c -g -O2  -DSIZEOF_LONG=8 -I/opt/local/include conftest.c >&5
conftest.c:60:10: fatal error: szlib.h: No such file or directory
   60 | #include <szlib.h>
      |          ^~~~~~~~~
compilation terminated.
configure:18888: $? = 1
configure: failed program was:
| /* confdefs.h */
| #define PACKAGE_NAME "hdf-eos5"
| #define PACKAGE_TARNAME "hdf-eos5"
| #define PACKAGE_VERSION "2.0"
| #define PACKAGE_STRING "hdf-eos5 2.0"
| #define PACKAGE_BUGREPORT "null@bogus.email"
| #define PACKAGE_URL ""
| #define PACKAGE "hdf-eos5"
| #define VERSION "2.0"
| #define STDC_HEADERS 1
| #define HAVE_SYS_TYPES_H 1
| #define HAVE_SYS_STAT_H 1
| #define HAVE_STDLIB_H 1
| #define HAVE_STRING_H 1
| #define HAVE_MEMORY_H 1
| #define HAVE_STRINGS_H 1
| #define HAVE_INTTYPES_H 1
| #define HAVE_STDINT_H 1
| #define HAVE_UNISTD_H 1
| #define HAVE_DLFCN_H 1
| #define LT_OBJDIR ".libs/"
| #define HAVE_LIBM 1
| #define SIZEOF_LONG 8
| #define HAVE_LIBPTHREAD 1
| #define HAVE_LIBZ 1
| /* end confdefs.h.  */
| #include <stdio.h>
| #ifdef HAVE_SYS_TYPES_H
| # include <sys/types.h>
| #endif
| #ifdef HAVE_SYS_STAT_H
| # include <sys/stat.h>
| #endif
| #ifdef STDC_HEADERS
| # include <stdlib.h>
| # include <stddef.h>
| #else
| # ifdef HAVE_STDLIB_H
| #  include <stdlib.h>
| # endif
| #endif
| #ifdef HAVE_STRING_H
| # if !defined STDC_HEADERS && defined HAVE_MEMORY_H
| #  include <memory.h>
| # endif
| # include <string.h>
| #endif
| #ifdef HAVE_STRINGS_H
| # include <strings.h>
| #endif
| #ifdef HAVE_INTTYPES_H
| # include <inttypes.h>
| #endif
| #ifdef HAVE_STDINT_H
| # include <stdint.h>
| #endif
| #ifdef HAVE_UNISTD_H
| # include <unistd.h>
| #endif
| #include <szlib.h>
configure:18888: result: no
configure:18888: checking szlib.h presence
configure:18888: gcc -E  -DSIZEOF_LONG=8 -I/opt/local/include conftest.c
conftest.c:27:10: fatal error: szlib.h: No such file or directory
   27 | #include <szlib.h>
      |          ^~~~~~~~~
compilation terminated.
configure:18888: $? = 1
configure: failed program was:
| /* confdefs.h */
| #define PACKAGE_NAME "hdf-eos5"
| #define PACKAGE_TARNAME "hdf-eos5"
| #define PACKAGE_VERSION "2.0"
| #define PACKAGE_STRING "hdf-eos5 2.0"
| #define PACKAGE_BUGREPORT "null@bogus.email"
| #define PACKAGE_URL ""
| #define PACKAGE "hdf-eos5"
| #define VERSION "2.0"
| #define STDC_HEADERS 1
| #define HAVE_SYS_TYPES_H 1
| #define HAVE_SYS_STAT_H 1
| #define HAVE_STDLIB_H 1
| #define HAVE_STRING_H 1
| #define HAVE_MEMORY_H 1
| #define HAVE_STRINGS_H 1
| #define HAVE_INTTYPES_H 1
| #define HAVE_STDINT_H 1
| #define HAVE_UNISTD_H 1
| #define HAVE_DLFCN_H 1
| #define LT_OBJDIR ".libs/"
| #define HAVE_LIBM 1
| #define SIZEOF_LONG 8
| #define HAVE_LIBPTHREAD 1
| #define HAVE_LIBZ 1
| /* end confdefs.h.  */
| #include <szlib.h>
configure:18888: result: no
configure:18888: checking for szlib.h
configure:18888: result: no
configure:18917: checking szlib.h usability
configure:18917: gcc -c -g -O2  -DSIZEOF_LONG=8 -I/opt/local/lib/libaec/include conftest.c >&5
conftest.c:60:10: fatal error: szlib.h: No such file or directory
   60 | #include <szlib.h>
      |          ^~~~~~~~~
compilation terminated.
configure:18917: $? = 1
configure: failed program was:
| /* confdefs.h */
| #define PACKAGE_NAME "hdf-eos5"
| #define PACKAGE_TARNAME "hdf-eos5"
| #define PACKAGE_VERSION "2.0"
| #define PACKAGE_STRING "hdf-eos5 2.0"
| #define PACKAGE_BUGREPORT "null@bogus.email"
| #define PACKAGE_URL ""
| #define PACKAGE "hdf-eos5"
| #define VERSION "2.0"
| #define STDC_HEADERS 1
| #define HAVE_SYS_TYPES_H 1
| #define HAVE_SYS_STAT_H 1
| #define HAVE_STDLIB_H 1
| #define HAVE_STRING_H 1
| #define HAVE_MEMORY_H 1
| #define HAVE_STRINGS_H 1
| #define HAVE_INTTYPES_H 1
| #define HAVE_STDINT_H 1
| #define HAVE_UNISTD_H 1
| #define HAVE_DLFCN_H 1
| #define LT_OBJDIR ".libs/"
| #define HAVE_LIBM 1
| #define SIZEOF_LONG 8
| #define HAVE_LIBPTHREAD 1
| #define HAVE_LIBZ 1
| /* end confdefs.h.  */
| #include <stdio.h>
| #ifdef HAVE_SYS_TYPES_H
| # include <sys/types.h>
| #endif
| #ifdef HAVE_SYS_STAT_H
| # include <sys/stat.h>
| #endif
| #ifdef STDC_HEADERS
| # include <stdlib.h>
| # include <stddef.h>
| #else
| # ifdef HAVE_STDLIB_H
| #  include <stdlib.h>
| # endif
| #endif
| #ifdef HAVE_STRING_H
| # if !defined STDC_HEADERS && defined HAVE_MEMORY_H
| #  include <memory.h>
| # endif
| # include <string.h>
| #endif
| #ifdef HAVE_STRINGS_H
| # include <strings.h>
| #endif
| #ifdef HAVE_INTTYPES_H
| # include <inttypes.h>
| #endif
| #ifdef HAVE_STDINT_H
| # include <stdint.h>
| #endif
| #ifdef HAVE_UNISTD_H
| # include <unistd.h>
| #endif
| #include <szlib.h>
configure:18917: result: no
configure:18917: checking szlib.h presence
configure:18917: gcc -E  -DSIZEOF_LONG=8 -I/opt/local/lib/libaec/include conftest.c
conftest.c:27:10: fatal error: szlib.h: No such file or directory
   27 | #include <szlib.h>
      |          ^~~~~~~~~
compilation terminated.
configure:18917: $? = 1
configure: failed program was:
| /* confdefs.h */
| #define PACKAGE_NAME "hdf-eos5"
| #define PACKAGE_TARNAME "hdf-eos5"
| #define PACKAGE_VERSION "2.0"
| #define PACKAGE_STRING "hdf-eos5 2.0"
| #define PACKAGE_BUGREPORT "null@bogus.email"
| #define PACKAGE_URL ""
| #define PACKAGE "hdf-eos5"
| #define VERSION "2.0"
| #define STDC_HEADERS 1
| #define HAVE_SYS_TYPES_H 1
| #define HAVE_SYS_STAT_H 1
| #define HAVE_STDLIB_H 1
| #define HAVE_STRING_H 1
| #define HAVE_MEMORY_H 1
| #define HAVE_STRINGS_H 1
| #define HAVE_INTTYPES_H 1
| #define HAVE_STDINT_H 1
| #define HAVE_UNISTD_H 1
| #define HAVE_DLFCN_H 1
| #define LT_OBJDIR ".libs/"
| #define HAVE_LIBM 1
| #define SIZEOF_LONG 8
| #define HAVE_LIBPTHREAD 1
| #define HAVE_LIBZ 1
| /* end confdefs.h.  */
| #include <szlib.h>
configure:18917: result: no
configure:18917: checking for szlib.h
configure:18917: result: no
configure:18947: checking for SZ_BufftoBuffCompress in -lsz
configure:18972: gcc -o conftest -g -O2  -DSIZEOF_LONG=8  conftest.c -lsz  -lz -lpthread -lm  >&5
/usr/bin/ld: cannot find -lsz: No such file or directory
collect2: error: ld returned 1 exit status
configure:18972: $? = 1
configure: failed program was:
| /* confdefs.h */
| #define PACKAGE_NAME "hdf-eos5"
| #define PACKAGE_TARNAME "hdf-eos5"
| #define PACKAGE_VERSION "2.0"
| #define PACKAGE_STRING "hdf-eos5 2.0"
| #define PACKAGE_BUGREPORT "null@bogus.email"
| #define PACKAGE_URL ""
| #define PACKAGE "hdf-eos5"
| #define VERSION "2.0"
| #define STDC_HEADERS 1
| #define HAVE_SYS_TYPES_H 1
| #define HAVE_SYS_STAT_H 1
| #define HAVE_STDLIB_H 1
| #define HAVE_STRING_H 1
| #define HAVE_MEMORY_H 1
| #define HAVE_STRINGS_H 1
| #define HAVE_INTTYPES_H 1
| #define HAVE_STDINT_H 1
| #define HAVE_UNISTD_H 1
| #define HAVE_DLFCN_H 1
| #define LT_OBJDIR ".libs/"
| #define HAVE_LIBM 1
| #define SIZEOF_LONG 8
| #define HAVE_LIBPTHREAD 1
| #define HAVE_LIBZ 1
| /* end confdefs.h.  */
| 
| /* Override any GCC internal prototype to avoid an error.
|    Use char because int might match the return type of a GCC
|    builtin and then its argument prototype would still apply.  */
| #ifdef __cplusplus
| extern "C"
| #endif
| char SZ_BufftoBuffCompress ();
| int
| main ()
| {
| return SZ_BufftoBuffCompress ();
|   ;
|   return 0;
| }
configure:18981: result: no
configure:19015: checking for SZ_BufftoBuffCompress in -lsz
configure:19040: gcc -o conftest -g -O2  -DSIZEOF_LONG=8  -L/usr/local/lib conftest.c -lsz  -lz -lpthread -lm  >&5
/usr/bin/ld: cannot find -lsz: No such file or directory
collect2: error: ld returned 1 exit status
configure:19040: $? = 1
configure: failed program was:
| /* confdefs.h */
| #define PACKAGE_NAME "hdf-eos5"
| #define PACKAGE_TARNAME "hdf-eos5"
| #define PACKAGE_VERSION "2.0"
| #define PACKAGE_STRING "hdf-eos5 2.0"
| #define PACKAGE_BUGREPORT "null@bogus.email"
| #define PACKAGE_URL ""
| #define PACKAGE "hdf-eos5"
| #define VERSION "2.0"
| #define STDC_HEADERS 1
| #define HAVE_SYS_TYPES_H 1
| #define HAVE_SYS_STAT_H 1
| #define HAVE_STDLIB_H 1
| #define HAVE_STRING_H 1
| #define HAVE_MEMORY_H 1
| #define HAVE_STRINGS_H 1
| #define HAVE_INTTYPES_H 1
| #define HAVE_STDINT_H 1
| #define HAVE_UNISTD_H 1
| #define HAVE_DLFCN_H 1
| #define LT_OBJDIR ".libs/"
| #define HAVE_LIBM 1
| #define SIZEOF_LONG 8
| #define HAVE_LIBPTHREAD 1
| #define HAVE_LIBZ 1
| /* end confdefs.h.  */
| 
| /* Override any GCC internal prototype to avoid an error.
|    Use char because int might match the return type of a GCC
|    builtin and then its argument prototype would still apply.  */
| #ifdef __cplusplus
| extern "C"
| #endif
| char SZ_BufftoBuffCompress ();
| int
| main ()
| {
| return SZ_BufftoBuffCompress ();
|   ;
|   return 0;
| }
configure:19049: result: no
configure:19083: checking for SZ_BufftoBuffCompress in -lsz
configure:19108: gcc -o conftest -g -O2  -DSIZEOF_LONG=8  -L/opt/local/lib conftest.c -lsz  -lz -lpthread -lm  >&5
/usr/bin/ld: cannot find -lsz: No such file or directory
collect2: error: ld returned 1 exit status
configure:19108: $? = 1
configure: failed program was:
| /* confdefs.h */
| #define PACKAGE_NAME "hdf-eos5"
| #define PACKAGE_TARNAME "hdf-eos5"
| #define PACKAGE_VERSION "2.0"
| #define PACKAGE_STRING "hdf-eos5 2.0"
| #define PACKAGE_BUGREPORT "null@bogus.email"
| #define PACKAGE_URL ""
| #define PACKAGE "hdf-eos5"
| #define VERSION "2.0"
| #define STDC_HEADERS 1
| #define HAVE_SYS_TYPES_H 1
| #define HAVE_SYS_STAT_H 1
| #define HAVE_STDLIB_H 1
| #define HAVE_STRING_H 1
| #define HAVE_MEMORY_H 1
| #define HAVE_STRINGS_H 1
| #define HAVE_INTTYPES_H 1
| #define HAVE_STDINT_H 1
| #define HAVE_UNISTD_H 1
| #define HAVE_DLFCN_H 1
| #define LT_OBJDIR ".libs/"
| #define HAVE_LIBM 1
| #define SIZEOF_LONG 8
| #define HAVE_LIBPTHREAD 1
| #define HAVE_LIBZ 1
| /* end confdefs.h.  */
| 
| /* Override any GCC internal prototype to avoid an error.
|    Use char because int might match the return type of a GCC
|    builtin and then its argument prototype would still apply.  */
| #ifdef __cplusplus
| extern "C"
| #endif
| char SZ_BufftoBuffCompress ();
| int
| main ()
| {
| return SZ_BufftoBuffCompress ();
|   ;
|   return 0;
| }
configure:19117: result: no
configure:19151: checking for SZ_BufftoBuffCompress in -lsz
configure:19176: gcc -o conftest -g -O2  -DSIZEOF_LONG=8  -L/opt/local/lib/libaec/lib conftest.c -lsz  -lz -lpthread -lm  >&5
/usr/bin/ld: cannot find -lsz: No such file or directory
collect2: error: ld returned 1 exit status
configure:19176: $? = 1
configure: failed program was:
| /* confdefs.h */
| #define PACKAGE_NAME "hdf-eos5"
| #define PACKAGE_TARNAME "hdf-eos5"
| #define PACKAGE_VERSION "2.0"
| #define PACKAGE_STRING "hdf-eos5 2.0"
| #define PACKAGE_BUGREPORT "null@bogus.email"
| #define PACKAGE_URL ""
| #define PACKAGE "hdf-eos5"
| #define VERSION "2.0"
| #define STDC_HEADERS 1
| #define HAVE_SYS_TYPES_H 1
| #define HAVE_SYS_STAT_H 1
| #define HAVE_STDLIB_H 1
| #define HAVE_STRING_H 1
| #define HAVE_MEMORY_H 1
| #define HAVE_STRINGS_H 1
| #define HAVE_INTTYPES_H 1
| #define HAVE_STDINT_H 1
| #define HAVE_UNISTD_H 1
| #define HAVE_DLFCN_H 1
| #define LT_OBJDIR ".libs/"
| #define HAVE_LIBM 1
| #define SIZEOF_LONG 8
| #define HAVE_LIBPTHREAD 1
| #define HAVE_LIBZ 1
| /* end confdefs.h.  */
| 
| /* Override any GCC internal prototype to avoid an error.
|    Use char because int might match the return type of a GCC
|    builtin and then its argument prototype would still apply.  */
| #ifdef __cplusplus
| extern "C"
| #endif
| char SZ_BufftoBuffCompress ();
| int
| main ()
| {
| return SZ_BufftoBuffCompress ();
|   ;
|   return 0;
| }
configure:19185: result: no
configure:19219: checking for SZ_BufftoBuffCompress in -lsz
configure:19244: gcc -o conftest -g -O2  -DSIZEOF_LONG=8  -L/usr/lib64 conftest.c -lsz  -lz -lpthread -lm  >&5
/usr/bin/ld: cannot find -lsz: No such file or directory
collect2: error: ld returned 1 exit status
configure:19244: $? = 1
configure: failed program was:
| /* confdefs.h */
| #define PACKAGE_NAME "hdf-eos5"
| #define PACKAGE_TARNAME "hdf-eos5"
| #define PACKAGE_VERSION "2.0"
| #define PACKAGE_STRING "hdf-eos5 2.0"
| #define PACKAGE_BUGREPORT "null@bogus.email"
| #define PACKAGE_URL ""
| #define PACKAGE "hdf-eos5"
| #define VERSION "2.0"
| #define STDC_HEADERS 1
| #define HAVE_SYS_TYPES_H 1
| #define HAVE_SYS_STAT_H 1
| #define HAVE_STDLIB_H 1
| #define HAVE_STRING_H 1
| #define HAVE_MEMORY_H 1
| #define HAVE_STRINGS_H 1
| #define HAVE_INTTYPES_H 1
| #define HAVE_STDINT_H 1
| #define HAVE_UNISTD_H 1
| #define HAVE_DLFCN_H 1
| #define LT_OBJDIR ".libs/"
| #define HAVE_LIBM 1
| #define SIZEOF_LONG 8
| #define HAVE_LIBPTHREAD 1
| #define HAVE_LIBZ 1
| /* end confdefs.h.  */
| 
| /* Override any GCC internal prototype to avoid an error.
|    Use char because int might match the return type of a GCC
|    builtin and then its argument prototype would still apply.  */
| #ifdef __cplusplus
| extern "C"
| #endif
| char SZ_BufftoBuffCompress ();
| int
| main ()
| {
| return SZ_BufftoBuffCompress ();
|   ;
|   return 0;
| }
configure:19253: result: no
configure:19985: checking for H5Fcreate in -lhdf5
configure:20010: gcc -o conftest -g -O2  -DSIZEOF_LONG=8  conftest.c -lhdf5  -lz -lpthread -lm  >&5
/usr/bin/ld: cannot find -lhdf5: No such file or directory
collect2: error: ld returned 1 exit status
configure:20010: $? = 1
configure: failed program was:
| /* confdefs.h */
| #define PACKAGE_NAME "hdf-eos5"
| #define PACKAGE_TARNAME "hdf-eos5"
| #define PACKAGE_VERSION "2.0"
| #define PACKAGE_STRING "hdf-eos5 2.0"
| #define PACKAGE_BUGREPORT "null@bogus.email"
| #define PACKAGE_URL ""
| #define PACKAGE "hdf-eos5"
| #define VERSION "2.0"
| #define STDC_HEADERS 1
| #define HAVE_SYS_TYPES_H 1
| #define HAVE_SYS_STAT_H 1
| #define HAVE_STDLIB_H 1
| #define HAVE_STRING_H 1
| #define HAVE_MEMORY_H 1
| #define HAVE_STRINGS_H 1
| #define HAVE_INTTYPES_H 1
| #define HAVE_STDINT_H 1
| #define HAVE_UNISTD_H 1
| #define HAVE_DLFCN_H 1
| #define LT_OBJDIR ".libs/"
| #define HAVE_LIBM 1
| #define SIZEOF_LONG 8
| #define HAVE_LIBPTHREAD 1
| #define HAVE_LIBZ 1
| /* end confdefs.h.  */
| 
| /* Override any GCC internal prototype to avoid an error.
|    Use char because int might match the return type of a GCC
|    builtin and then its argument prototype would still apply.  */
| #ifdef __cplusplus
| extern "C"
| #endif
| char H5Fcreate ();
| int
| main ()
| {
| return H5Fcreate ();
|   ;
|   return 0;
| }
configure:20019: result: no
configure:20053: checking for H5Fcreate in -lhdf5
configure:20078: gcc -o conftest -g -O2  -DSIZEOF_LONG=8  -L/usr/local/lib conftest.c -lhdf5  -lz -lpthread -lm  >&5
/usr/bin/ld: cannot find -lhdf5: No such file or directory
collect2: error: ld returned 1 exit status
configure:20078: $? = 1
configure: failed program was:
| /* confdefs.h */
| #define PACKAGE_NAME "hdf-eos5"
| #define PACKAGE_TARNAME "hdf-eos5"
| #define PACKAGE_VERSION "2.0"
| #define PACKAGE_STRING "hdf-eos5 2.0"
| #define PACKAGE_BUGREPORT "null@bogus.email"
| #define PACKAGE_URL ""
| #define PACKAGE "hdf-eos5"
| #define VERSION "2.0"
| #define STDC_HEADERS 1
| #define HAVE_SYS_TYPES_H 1
| #define HAVE_SYS_STAT_H 1
| #define HAVE_STDLIB_H 1
| #define HAVE_STRING_H 1
| #define HAVE_MEMORY_H 1
| #define HAVE_STRINGS_H 1
| #define HAVE_INTTYPES_H 1
| #define HAVE_STDINT_H 1
| #define HAVE_UNISTD_H 1
| #define HAVE_DLFCN_H 1
| #define LT_OBJDIR ".libs/"
| #define HAVE_LIBM 1
| #define SIZEOF_LONG 8
| #define HAVE_LIBPTHREAD 1
| #define HAVE_LIBZ 1
| /* end confdefs.h.  */
| 
| /* Override any GCC internal prototype to avoid an error.
|    Use char because int might match the return type of a GCC
|    builtin and then its argument prototype would still apply.  */
| #ifdef __cplusplus
| extern "C"
| #endif
| char H5Fcreate ();
| int
| main ()
| {
| return H5Fcreate ();
|   ;
|   return 0;
| }
configure:20087: result: no
configure:20121: checking for H5Fcreate in -lhdf5
configure:20146: gcc -o conftest -g -O2  -DSIZEOF_LONG=8  -L/opt/local/lib conftest.c -lhdf5  -lz -lpthread -lm  >&5
/usr/bin/ld: cannot find -lhdf5: No such file or directory
collect2: error: ld returned 1 exit status
configure:20146: $? = 1
configure: failed program was:
| /* confdefs.h */
| #define PACKAGE_NAME "hdf-eos5"
| #define PACKAGE_TARNAME "hdf-eos5"
| #define PACKAGE_VERSION "2.0"
| #define PACKAGE_STRING "hdf-eos5 2.0"
| #define PACKAGE_BUGREPORT "null@bogus.email"
| #define PACKAGE_URL ""
| #define PACKAGE "hdf-eos5"
| #define VERSION "2.0"
| #define STDC_HEADERS 1
| #define HAVE_SYS_TYPES_H 1
| #define HAVE_SYS_STAT_H 1
| #define HAVE_STDLIB_H 1
| #define HAVE_STRING_H 1
| #define HAVE_MEMORY_H 1
| #define HAVE_STRINGS_H 1
| #define HAVE_INTTYPES_H 1
| #define HAVE_STDINT_H 1
| #define HAVE_UNISTD_H 1
| #define HAVE_DLFCN_H 1
| #define LT_OBJDIR ".libs/"
| #define HAVE_LIBM 1
| #define SIZEOF_LONG 8
| #define HAVE_LIBPTHREAD 1
| #define HAVE_LIBZ 1
| /* end confdefs.h.  */
| 
| /* Override any GCC internal prototype to avoid an error.
|    Use char because int might match the return type of a GCC
|    builtin and then its argument prototype would still apply.  */
| #ifdef __cplusplus
| extern "C"
| #endif
| char H5Fcreate ();
| int
| main ()
| {
| return H5Fcreate ();
|   ;
|   return 0;
| }
configure:20155: result: no
configure:20189: checking for H5Fcreate in -lhdf5
configure:20214: gcc -o conftest -g -O2  -DSIZEOF_LONG=8  -L/usr/lib64 conftest.c -lhdf5  -lz -lpthread -lm  >&5
/usr/bin/ld: cannot find -lhdf5: No such file or directory
collect2: error: ld returned 1 exit status
configure:20214: $? = 1
configure: failed program was:
| /* confdefs.h */
| #define PACKAGE_NAME "hdf-eos5"
| #define PACKAGE_TARNAME "hdf-eos5"
| #define PACKAGE_VERSION "2.0"
| #define PACKAGE_STRING "hdf-eos5 2.0"
| #define PACKAGE_BUGREPORT "null@bogus.email"
| #define PACKAGE_URL ""
| #define PACKAGE "hdf-eos5"
| #define VERSION "2.0"
| #define STDC_HEADERS 1
| #define HAVE_SYS_TYPES_H 1
| #define HAVE_SYS_STAT_H 1
| #define HAVE_STDLIB_H 1
| #define HAVE_STRING_H 1
| #define HAVE_MEMORY_H 1
| #define HAVE_STRINGS_H 1
| #define HAVE_INTTYPES_H 1
| #define HAVE_STDINT_H 1
| #define HAVE_UNISTD_H 1
| #define HAVE_DLFCN_H 1
| #define LT_OBJDIR ".libs/"
| #define HAVE_LIBM 1
| #define SIZEOF_LONG 8
| #define HAVE_LIBPTHREAD 1
| #define HAVE_LIBZ 1
| /* end confdefs.h.  */
| 
| /* Override any GCC internal prototype to avoid an error.
|    Use char because int might match the return type of a GCC
|    builtin and then its argument prototype would still apply.  */
| #ifdef __cplusplus
| extern "C"
| #endif
| char H5Fcreate ();
| int
| main ()
| {
| return H5Fcreate ();
|   ;
|   return 0;
| }
configure:20223: result: no
configure:20257: checking for H5Fcreate in -lhdf5
configure:20282: gcc -o conftest -g -O2  -DSIZEOF_LONG=8  -L/usr/lib/x86_64-linux-gnu/hdf5/serial conftest.c -lhdf5  -lz -lpthread -lm  >&5
/usr/bin/ld: cannot find -lhdf5: No such file or directory
collect2: error: ld returned 1 exit status
configure:20282: $? = 1
configure: failed program was:
| /* confdefs.h */
| #define PACKAGE_NAME "hdf-eos5"
| #define PACKAGE_TARNAME "hdf-eos5"
| #define PACKAGE_VERSION "2.0"
| #define PACKAGE_STRING "hdf-eos5 2.0"
| #define PACKAGE_BUGREPORT "null@bogus.email"
| #define PACKAGE_URL ""
| #define PACKAGE "hdf-eos5"
| #define VERSION "2.0"
| #define STDC_HEADERS 1
| #define HAVE_SYS_TYPES_H 1
| #define HAVE_SYS_STAT_H 1
| #define HAVE_STDLIB_H 1
| #define HAVE_STRING_H 1
| #define HAVE_MEMORY_H 1
| #define HAVE_STRINGS_H 1
| #define HAVE_INTTYPES_H 1
| #define HAVE_STDINT_H 1
| #define HAVE_UNISTD_H 1
| #define HAVE_DLFCN_H 1
| #define LT_OBJDIR ".libs/"
| #define HAVE_LIBM 1
| #define SIZEOF_LONG 8
| #define HAVE_LIBPTHREAD 1
| #define HAVE_LIBZ 1
| /* end confdefs.h.  */
| 
| /* Override any GCC internal prototype to avoid an error.
|    Use char because int might match the return type of a GCC
|    builtin and then its argument prototype would still apply.  */
| #ifdef __cplusplus
| extern "C"
| #endif
| char H5Fcreate ();
| int
| main ()
| {
| return H5Fcreate ();
|   ;
|   return 0;
| }
configure:20291: result: no
configure:20333: checking hdf5.h usability
configure:20333: gcc -c -g -O2  -DSIZEOF_LONG=8 conftest.c >&5
conftest.c:60:10: fatal error: hdf5.h: No such file or directory
   60 | #include <hdf5.h>
      |          ^~~~~~~~
compilation terminated.
configure:20333: $? = 1
configure: failed program was:
| /* confdefs.h */
| #define PACKAGE_NAME "hdf-eos5"
| #define PACKAGE_TARNAME "hdf-eos5"
| #define PACKAGE_VERSION "2.0"
| #define PACKAGE_STRING "hdf-eos5 2.0"
| #define PACKAGE_BUGREPORT "null@bogus.email"
| #define PACKAGE_URL ""
| #define PACKAGE "hdf-eos5"
| #define VERSION "2.0"
| #define STDC_HEADERS 1
| #define HAVE_SYS_TYPES_H 1
| #define HAVE_SYS_STAT_H 1
| #define HAVE_STDLIB_H 1
| #define HAVE_STRING_H 1
| #define HAVE_MEMORY_H 1
| #define HAVE_STRINGS_H 1
| #define HAVE_INTTYPES_H 1
| #define HAVE_STDINT_H 1
| #define HAVE_UNISTD_H 1
| #define HAVE_DLFCN_H 1
| #define LT_OBJDIR ".libs/"
| #define HAVE_LIBM 1
| #define SIZEOF_LONG 8
| #define HAVE_LIBPTHREAD 1
| #define HAVE_LIBZ 1
| /* end confdefs.h.  */
| #include <stdio.h>
| #ifdef HAVE_SYS_TYPES_H
| # include <sys/types.h>
| #endif
| #ifdef HAVE_SYS_STAT_H
| # include <sys/stat.h>
| #endif
| #ifdef STDC_HEADERS
| # include <stdlib.h>
| # include <stddef.h>
| #else
| # ifdef HAVE_STDLIB_H
| #  include <stdlib.h>
| # endif
| #endif
| #ifdef HAVE_STRING_H
| # if !defined STDC_HEADERS && defined HAVE_MEMORY_H
| #  include <memory.h>
| # endif
| # include <string.h>
| #endif
| #ifdef HAVE_STRINGS_H
| # include <strings.h>
| #endif
| #ifdef HAVE_INTTYPES_H
| # include <inttypes.h>
| #endif
| #ifdef HAVE_STDINT_H
| # include <stdint.h>
| #endif
| #ifdef HAVE_UNISTD_H
| # include <unistd.h>
| #endif
| #include <hdf5.h>
configure:20333: result: no
configure:20333: checking hdf5.h presence
configure:20333: gcc -E  -DSIZEOF_LONG=8 conftest.c
conftest.c:27:10: fatal error: hdf5.h: No such file or directory
   27 | #include <hdf5.h>
      |          ^~~~~~~~
compilation terminated.
configure:20333: $? = 1
configure: failed program was:
| /* confdefs.h */
| #define PACKAGE_NAME "hdf-eos5"
| #define PACKAGE_TARNAME "hdf-eos5"
| #define PACKAGE_VERSION "2.0"
| #define PACKAGE_STRING "hdf-eos5 2.0"
| #define PACKAGE_BUGREPORT "null@bogus.email"
| #define PACKAGE_URL ""
| #define PACKAGE "hdf-eos5"
| #define VERSION "2.0"
| #define STDC_HEADERS 1
| #define HAVE_SYS_TYPES_H 1
| #define HAVE_SYS_STAT_H 1
| #define HAVE_STDLIB_H 1
| #define HAVE_STRING_H 1
| #define HAVE_MEMORY_H 1
| #define HAVE_STRINGS_H 1
| #define HAVE_INTTYPES_H 1
| #define HAVE_STDINT_H 1
| #define HAVE_UNISTD_H 1
| #define HAVE_DLFCN_H 1
| #define LT_OBJDIR ".libs/"
| #define HAVE_LIBM 1
| #define SIZEOF_LONG 8
| #define HAVE_LIBPTHREAD 1
| #define HAVE_LIBZ 1
| /* end confdefs.h.  */
| #include <hdf5.h>
configure:20333: result: no
configure:20333: checking for hdf5.h
configure:20333: result: no
configure:20362: checking hdf5.h usability
configure:20362: gcc -c -g -O2  -DSIZEOF_LONG=8 -I/usr/local/include conftest.c >&5
conftest.c:60:10: fatal error: hdf5.h: No such file or directory
   60 | #include <hdf5.h>
      |          ^~~~~~~~
compilation terminated.
configure:20362: $? = 1
configure: failed program was:
| /* confdefs.h */
| #define PACKAGE_NAME "hdf-eos5"
| #define PACKAGE_TARNAME "hdf-eos5"
| #define PACKAGE_VERSION "2.0"
| #define PACKAGE_STRING "hdf-eos5 2.0"
| #define PACKAGE_BUGREPORT "null@bogus.email"
| #define PACKAGE_URL ""
| #define PACKAGE "hdf-eos5"
| #define VERSION "2.0"
| #define STDC_HEADERS 1
| #define HAVE_SYS_TYPES_H 1
| #define HAVE_SYS_STAT_H 1
| #define HAVE_STDLIB_H 1
| #define HAVE_STRING_H 1
| #define HAVE_MEMORY_H 1
| #define HAVE_STRINGS_H 1
| #define HAVE_INTTYPES_H 1
| #define HAVE_STDINT_H 1
| #define HAVE_UNISTD_H 1
| #define HAVE_DLFCN_H 1
| #define LT_OBJDIR ".libs/"
| #define HAVE_LIBM 1
| #define SIZEOF_LONG 8
| #define HAVE_LIBPTHREAD 1
| #define HAVE_LIBZ 1
| /* end confdefs.h.  */
| #include <stdio.h>
| #ifdef HAVE_SYS_TYPES_H
| # include <sys/types.h>
| #endif
| #ifdef HAVE_SYS_STAT_H
| # include <sys/stat.h>
| #endif
| #ifdef STDC_HEADERS
| # include <stdlib.h>
| # include <stddef.h>
| #else
| # ifdef HAVE_STDLIB_H
| #  include <stdlib.h>
| # endif
| #endif
| #ifdef HAVE_STRING_H
| # if !defined STDC_HEADERS && defined HAVE_MEMORY_H
| #  include <memory.h>
| # endif
| # include <string.h>
| #endif
| #ifdef HAVE_STRINGS_H
| # include <strings.h>
| #endif
| #ifdef HAVE_INTTYPES_H
| # include <inttypes.h>
| #endif
| #ifdef HAVE_STDINT_H
| # include <stdint.h>
| #endif
| #ifdef HAVE_UNISTD_H
| # include <unistd.h>
| #endif
| #include <hdf5.h>
configure:20362: result: no
configure:20362: checking hdf5.h presence
configure:20362: gcc -E  -DSIZEOF_LONG=8 -I/usr/local/include conftest.c
conftest.c:27:10: fatal error: hdf5.h: No such file or directory
   27 | #include <hdf5.h>
      |          ^~~~~~~~
compilation terminated.
configure:20362: $? = 1
configure: failed program was:
| /* confdefs.h */
| #define PACKAGE_NAME "hdf-eos5"
| #define PACKAGE_TARNAME "hdf-eos5"
| #define PACKAGE_VERSION "2.0"
| #define PACKAGE_STRING "hdf-eos5 2.0"
| #define PACKAGE_BUGREPORT "null@bogus.email"
| #define PACKAGE_URL ""
| #define PACKAGE "hdf-eos5"
| #define VERSION "2.0"
| #define STDC_HEADERS 1
| #define HAVE_SYS_TYPES_H 1
| #define HAVE_SYS_STAT_H 1
| #define HAVE_STDLIB_H 1
| #define HAVE_STRING_H 1
| #define HAVE_MEMORY_H 1
| #define HAVE_STRINGS_H 1
| #define HAVE_INTTYPES_H 1
| #define HAVE_STDINT_H 1
| #define HAVE_UNISTD_H 1
| #define HAVE_DLFCN_H 1
| #define LT_OBJDIR ".libs/"
| #define HAVE_LIBM 1
| #define SIZEOF_LONG 8
| #define HAVE_LIBPTHREAD 1
| #define HAVE_LIBZ 1
| /* end confdefs.h.  */
| #include <hdf5.h>
configure:20362: result: no
configure:20362: checking for hdf5.h
configure:20362: result: no
configure:20391: checking hdf5.h usability
configure:20391: gcc -c -g -O2  -DSIZEOF_LONG=8 -I/opt/local/include conftest.c >&5
conftest.c:60:10: fatal error: hdf5.h: No such file or directory
   60 | #include <hdf5.h>
      |          ^~~~~~~~
compilation terminated.
configure:20391: $? = 1
configure: failed program was:
| /* confdefs.h */
| #define PACKAGE_NAME "hdf-eos5"
| #define PACKAGE_TARNAME "hdf-eos5"
| #define PACKAGE_VERSION "2.0"
| #define PACKAGE_STRING "hdf-eos5 2.0"
| #define PACKAGE_BUGREPORT "null@bogus.email"
| #define PACKAGE_URL ""
| #define PACKAGE "hdf-eos5"
| #define VERSION "2.0"
| #define STDC_HEADERS 1
| #define HAVE_SYS_TYPES_H 1
| #define HAVE_SYS_STAT_H 1
| #define HAVE_STDLIB_H 1
| #define HAVE_STRING_H 1
| #define HAVE_MEMORY_H 1
| #define HAVE_STRINGS_H 1
| #define HAVE_INTTYPES_H 1
| #define HAVE_STDINT_H 1
| #define HAVE_UNISTD_H 1
| #define HAVE_DLFCN_H 1
| #define LT_OBJDIR ".libs/"
| #define HAVE_LIBM 1
| #define SIZEOF_LONG 8
| #define HAVE_LIBPTHREAD 1
| #define HAVE_LIBZ 1
| /* end confdefs.h.  */
| #include <stdio.h>
| #ifdef HAVE_SYS_TYPES_H
| # include <sys/types.h>
| #endif
| #ifdef HAVE_SYS_STAT_H
| # include <sys/stat.h>
| #endif
| #ifdef STDC_HEADERS
| # include <stdlib.h>
| # include <stddef.h>
| #else
| # ifdef HAVE_STDLIB_H
| #  include <stdlib.h>
| # endif
| #endif
| #ifdef HAVE_STRING_H
| # if !defined STDC_HEADERS && defined HAVE_MEMORY_H
| #  include <memory.h>
| # endif
| # include <string.h>
| #endif
| #ifdef HAVE_STRINGS_H
| # include <strings.h>
| #endif
| #ifdef HAVE_INTTYPES_H
| # include <inttypes.h>
| #endif
| #ifdef HAVE_STDINT_H
| # include <stdint.h>
| #endif
| #ifdef HAVE_UNISTD_H
| # include <unistd.h>
| #endif
| #include <hdf5.h>
configure:20391: result: no
configure:20391: checking hdf5.h presence
configure:20391: gcc -E  -DSIZEOF_LONG=8 -I/opt/local/include conftest.c
conftest.c:27:10: fatal error: hdf5.h: No such file or directory
   27 | #include <hdf5.h>
      |          ^~~~~~~~
compilation terminated.
configure:20391: $? = 1
configure: failed program was:
| /* confdefs.h */
| #define PACKAGE_NAME "hdf-eos5"
| #define PACKAGE_TARNAME "hdf-eos5"
| #define PACKAGE_VERSION "2.0"
| #define PACKAGE_STRING "hdf-eos5 2.0"
| #define PACKAGE_BUGREPORT "null@bogus.email"
| #define PACKAGE_URL ""
| #define PACKAGE "hdf-eos5"
| #define VERSION "2.0"
| #define STDC_HEADERS 1
| #define HAVE_SYS_TYPES_H 1
| #define HAVE_SYS_STAT_H 1
| #define HAVE_STDLIB_H 1
| #define HAVE_STRING_H 1
| #define HAVE_MEMORY_H 1
| #define HAVE_STRINGS_H 1
| #define HAVE_INTTYPES_H 1
| #define HAVE_STDINT_H 1
| #define HAVE_UNISTD_H 1
| #define HAVE_DLFCN_H 1
| #define LT_OBJDIR ".libs/"
| #define HAVE_LIBM 1
| #define SIZEOF_LONG 8
| #define HAVE_LIBPTHREAD 1
| #define HAVE_LIBZ 1
| /* end confdefs.h.  */
| #include <hdf5.h>
configure:20391: result: no
configure:20391: checking for hdf5.h
configure:20391: result: no
configure:20420: checking hdf5.h usability
configure:20420: gcc -c -g -O2  -DSIZEOF_LONG=8 -I/usr/include/hdf5/serial conftest.c >&5
conftest.c:60:10: fatal error: hdf5.h: No such file or directory
   60 | #include <hdf5.h>
      |          ^~~~~~~~
compilation terminated.
configure:20420: $? = 1
configure: failed program was:
| /* confdefs.h */
| #define PACKAGE_NAME "hdf-eos5"
| #define PACKAGE_TARNAME "hdf-eos5"
| #define PACKAGE_VERSION "2.0"
| #define PACKAGE_STRING "hdf-eos5 2.0"
| #define PACKAGE_BUGREPORT "null@bogus.email"
| #define PACKAGE_URL ""
| #define PACKAGE "hdf-eos5"
| #define VERSION "2.0"
| #define STDC_HEADERS 1
| #define HAVE_SYS_TYPES_H 1
| #define HAVE_SYS_STAT_H 1
| #define HAVE_STDLIB_H 1
| #define HAVE_STRING_H 1
| #define HAVE_MEMORY_H 1
| #define HAVE_STRINGS_H 1
| #define HAVE_INTTYPES_H 1
| #define HAVE_STDINT_H 1
| #define HAVE_UNISTD_H 1
| #define HAVE_DLFCN_H 1
| #define LT_OBJDIR ".libs/"
| #define HAVE_LIBM 1
| #define SIZEOF_LONG 8
| #define HAVE_LIBPTHREAD 1
| #define HAVE_LIBZ 1
| /* end confdefs.h.  */
| #include <stdio.h>
| #ifdef HAVE_SYS_TYPES_H
| # include <sys/types.h>
| #endif
| #ifdef HAVE_SYS_STAT_H
| # include <sys/stat.h>
| #endif
| #ifdef STDC_HEADERS
| # include <stdlib.h>
| # include <stddef.h>
| #else
| # ifdef HAVE_STDLIB_H
| #  include <stdlib.h>
| # endif
| #endif
| #ifdef HAVE_STRING_H
| # if !defined STDC_HEADERS && defined HAVE_MEMORY_H
| #  include <memory.h>
| # endif
| # include <string.h>
| #endif
| #ifdef HAVE_STRINGS_H
| # include <strings.h>
| #endif
| #ifdef HAVE_INTTYPES_H
| # include <inttypes.h>
| #endif
| #ifdef HAVE_STDINT_H
| # include <stdint.h>
| #endif
| #ifdef HAVE_UNISTD_H
| # include <unistd.h>
| #endif
| #include <hdf5.h>
configure:20420: result: no
configure:20420: checking hdf5.h presence
configure:20420: gcc -E  -DSIZEOF_LONG=8 -I/usr/include/hdf5/serial conftest.c
conftest.c:27:10: fatal error: hdf5.h: No such file or directory
   27 | #include <hdf5.h>
      |          ^~~~~~~~
compilation terminated.
configure:20420: $? = 1
configure: failed program was:
| /* confdefs.h */
| #define PACKAGE_NAME "hdf-eos5"
| #define PACKAGE_TARNAME "hdf-eos5"
| #define PACKAGE_VERSION "2.0"
| #define PACKAGE_STRING "hdf-eos5 2.0"
| #define PACKAGE_BUGREPORT "null@bogus.email"
| #define PACKAGE_URL ""
| #define PACKAGE "hdf-eos5"
| #define VERSION "2.0"
| #define STDC_HEADERS 1
| #define HAVE_SYS_TYPES_H 1
| #define HAVE_SYS_STAT_H 1
| #define HAVE_STDLIB_H 1
| #define HAVE_STRING_H 1
| #define HAVE_MEMORY_H 1
| #define HAVE_STRINGS_H 1
| #define HAVE_INTTYPES_H 1
| #define HAVE_STDINT_H 1
| #define HAVE_UNISTD_H 1
| #define HAVE_DLFCN_H 1
| #define LT_OBJDIR ".libs/"
| #define HAVE_LIBM 1
| #define SIZEOF_LONG 8
| #define HAVE_LIBPTHREAD 1
| #define HAVE_LIBZ 1
| /* end confdefs.h.  */
| #include <hdf5.h>
configure:20420: result: no
configure:20420: checking for hdf5.h
configure:20420: result: no
configure:20658: error: unable to find HDF5 library

## ---------------- ##
## Cache variables. ##
## ---------------- ##

ac_cv_build=x86_64-unknown-linux-gnu
ac_cv_c_bigendian=no
ac_cv_c_compiler_gnu=yes
ac_cv_env_CC_set=
ac_cv_env_CC_value=
ac_cv_env_CFLAGS_set=
ac_cv_env_CFLAGS_value=
ac_cv_env_CPPFLAGS_set=
ac_cv_env_CPPFLAGS_value=
ac_cv_env_CPP_set=
ac_cv_env_CPP_value=
ac_cv_env_F77_set=
ac_cv_env_F77_value=
ac_cv_env_FCFLAGS_set=
ac_cv_env_FCFLAGS_value=
ac_cv_env_FC_set=
ac_cv_env_FC_value=
ac_cv_env_FFLAGS_set=
ac_cv_env_FFLAGS_value=
ac_cv_env_LDFLAGS_set=
ac_cv_env_LDFLAGS_value=
ac_cv_env_LIBS_set=
ac_cv_env_LIBS_value=
ac_cv_env_build_alias_set=
ac_cv_env_build_alias_value=
ac_cv_env_host_alias_set=
ac_cv_env_host_alias_value=
ac_cv_env_target_alias_set=
ac_cv_env_target_alias_value=
ac_cv_f77_compiler_gnu=no
ac_cv_fc_compiler_gnu=no
ac_cv_header_dlfcn_h=yes
ac_cv_header_hdf5_h=no
ac_cv_header_inttypes_h=yes
ac_cv_header_memory_h=yes
ac_cv_header_stdc=yes
ac_cv_header_stdint_h=yes
ac_cv_header_stdlib_h=yes
ac_cv_header_string_h=yes
ac_cv_header_strings_h=yes
ac_cv_header_sys_stat_h=yes
ac_cv_header_sys_types_h=yes
ac_cv_header_szlib_h=no
ac_cv_header_unistd_h=yes
ac_cv_host=x86_64-unknown-linux-gnu
ac_cv_lib_hdf5_H5Fcreate=no
ac_cv_lib_m_ceil=yes
ac_cv_lib_pthread_pthread_create=yes
ac_cv_lib_sz_SZ_BufftoBuffCompress=no
ac_cv_lib_z_compress2=yes
ac_cv_objext=o
ac_cv_path_EGREP='/usr/bin/grep -E'
ac_cv_path_FGREP='/usr/bin/grep -F'
ac_cv_path_GREP=/usr/bin/grep
ac_cv_path_SED=/usr/bin/sed
ac_cv_path_install='/usr/bin/install -c'
ac_cv_path_mkdir=/usr/bin/mkdir
ac_cv_prog_AWK=gawk
ac_cv_prog_CPP='gcc -E'
ac_cv_prog_ac_ct_AR=ar
ac_cv_prog_ac_ct_CC=gcc
ac_cv_prog_ac_ct_MANIFEST_TOOL=mt
ac_cv_prog_ac_ct_OBJDUMP=objdump
ac_cv_prog_ac_ct_RANLIB=ranlib
ac_cv_prog_ac_ct_STRIP=strip
ac_cv_prog_cc_c89=
ac_cv_prog_cc_g=yes
ac_cv_prog_f77_g=no
ac_cv_prog_fc_g=no
ac_cv_prog_make_make_set=yes
ac_cv_sizeof_long=8
am_cv_CC_dependencies_compiler_type=gcc3
am_cv_make_support_nested_variables=yes
lt_cv_ar_at_file=@
lt_cv_deplibs_check_method=pass_all
lt_cv_file_magic_cmd='$MAGIC_CMD'
lt_cv_file_magic_test_file=
lt_cv_ld_reload_flag=-r
lt_cv_nm_interface='BSD nm'
lt_cv_objdir=.libs
lt_cv_path_LD=/usr/bin/ld
lt_cv_path_NM='/usr/bin/nm -B'
lt_cv_path_mainfest_tool=no
lt_cv_prog_compiler_c_o=yes
lt_cv_prog_compiler_pic='-fPIC -DPIC'
lt_cv_prog_compiler_pic_works=yes
lt_cv_prog_compiler_rtti_exceptions=no
lt_cv_prog_compiler_static_works=yes
lt_cv_prog_gnu_ld=yes
lt_cv_sharedlib_from_linklib_cmd='printf %s\n'
lt_cv_shlibpath_overrides_runpath=yes
lt_cv_sys_global_symbol_pipe='sed -n -e '\''s/^.*[	 ]\([ABCDGIRSTW][ABCDGIRSTW]*\)[	 ][	 ]*\([_A-Za-z][_A-Za-z0-9]*\)$/\1 \2 \2/p'\'' | sed '\''/ __gnu_lto/d'\'''
lt_cv_sys_global_symbol_to_c_name_address='sed -n -e '\''s/^: \([^ ]*\)[ ]*$/  {\"\1\", (void *) 0},/p'\'' -e '\''s/^[ABCDGIRSTW]* \([^ ]*\) \([^ ]*\)$/  {"\2", (void *) \&\2},/p'\'''
lt_cv_sys_global_symbol_to_c_name_address_lib_prefix='sed -n -e '\''s/^: \([^ ]*\)[ ]*$/  {\"\1\", (void *) 0},/p'\'' -e '\''s/^[ABCDGIRSTW]* \([^ ]*\) \(lib[^ ]*\)$/  {"\2", (void *) \&\2},/p'\'' -e '\''s/^[ABCDGIRSTW]* \([^ ]*\) \([^ ]*\)$/  {"lib\2", (void *) \&\2},/p'\'''
lt_cv_sys_global_symbol_to_cdecl='sed -n -e '\''s/^T .* \(.*\)$/extern int \1();/p'\'' -e '\''s/^[ABCDGIRSTW]* .* \(.*\)$/extern char \1;/p'\'''
lt_cv_sys_max_cmd_len=1572864
lt_cv_to_host_file_cmd=func_convert_file_noop
lt_cv_to_tool_file_cmd=func_convert_file_noop

## ----------------- ##
## Output variables. ##
## ----------------- ##

ACLOCAL='${SHELL} /mnt/c/Development/hdf-eos5-rs/hdf-eos5-sys/hdf-eos5-2.0/config/missing aclocal-1.13'
AMDEPBACKSLASH='\'
AMDEP_FALSE='#'
AMDEP_TRUE=''
AMTAR='$${TAR-tar}'
AM_BACKSLASH='\'
AM_DEFAULT_V='$(AM_DEFAULT_VERBOSITY)'
AM_DEFAULT_VERBOSITY='1'
AM_V='$(V)'
AR='ar'
AUTOCONF='${SHELL} /mnt/c/Development/hdf-eos5-rs/hdf-eos5-sys/hdf-eos5-2.0/config/missing autoconf'
AUTOHEADER='${SHELL} /mnt/c/Development/hdf-eos5-rs/hdf-eos5-sys/hdf-eos5-2.0/config/missing autoheader'
AUTOMAKE='${SHELL} /mnt/c/Development/hdf-eos5-rs/hdf-eos5-sys/hdf-eos5-2.0/config/missing automake-1.13'
AWK='gawk'
CC='gcc'
CCDEPMODE='depmode=gcc3'
CFLAGS='-g -O2'
CPP='gcc -E'
CPPFLAGS=' -DSIZEOF_LONG=8'
CYGPATH_W='echo'
DEFS=''
DEPDIR='.deps'
DLLTOOL='false'
DSYMUTIL=''
DUMPBIN=''
ECHO_C=''
ECHO_N='-n'
ECHO_T=''
EGREP='/usr/bin/grep -E'
EXEEXT=''
F2CFORTRAN_32PTR_CONDITIONAL_FALSE=''
F2CFORTRAN_32PTR_CONDITIONAL_TRUE=''
F2CFORTRAN_90_CONDITIONAL_FALSE=''
F2CFORTRAN_90_CONDITIONAL_TRUE=''
F2CFORTRAN_CONDITIONAL_FALSE=''
F2CFORTRAN_CONDITIONAL_TRUE=''
F77=''
FC=''
FCFLAGS=''
FFLAGS=''
FGREP='/usr/bin/grep -F'
GCTP_INCLUDE_CONDITIONAL_FALSE=''
GCTP_INCLUDE_CONDITIONAL_TRUE=''
GREP='/usr/bin/grep'
HDF5_THREADSAFE_FALSE=''
HDF5_THREADSAFE_TRUE=''
INSTALL_DATA='${INSTALL} -m 644'
INSTALL_PROGRAM='${INSTALL}'
INSTALL_SCRIPT='${INSTALL}'
INSTALL_STRIP_PROGRAM='$(install_sh) -c -s'
LD='/usr/bin/ld -m elf_x86_64'
LDFLAGS=''
LIBOBJS=''
LIBS='-lz -lpthread -lm '
LIBTOOL='$(SHELL) $(top_builddir)/libtool'
LIPO=''
LN_S='ln -s'
LTLIBOBJS=''
MAINT='#'
MAINTAINER_MODE_FALSE=''
MAINTAINER_MODE_TRUE='#'
MAKEINFO='${SHELL} /mnt/c/Development/hdf-eos5-rs/hdf-eos5-sys/hdf-eos5-2.0/config/missing makeinfo'
MANIFEST_TOOL=':'
MKDIR_P='/usr/bin/mkdir -p'
NM='/usr/bin/nm -B'
NMEDIT=''
OBJDUMP='objdump'
OBJEXT='o'
OTOOL64=''
OTOOL=''
PACKAGE='hdf-eos5'
PACKAGE_BUGREPORT='null@bogus.email'
PACKAGE_NAME='hdf-eos5'
PACKAGE_STRING='hdf-eos5 2.0'
PACKAGE_TARNAME='hdf-eos5'
PACKAGE_URL=''
PACKAGE_VERSION='2.0'
PATH_SEPARATOR=':'
RANLIB='ranlib'
SED='/usr/bin/sed'
SET_MAKE=''
SHELL='/bin/bash'
STRIP='strip'
SZIP_ENCODER_CONDITIONAL_FALSE=''
SZIP_ENCODER_CONDITIONAL_TRUE=''
VERSION='2.0'
ac_ct_AR='ar'
ac_ct_CC='gcc'
ac_ct_DUMPBIN=''
ac_ct_F77=''
ac_ct_FC=''
am__EXEEXT_FALSE=''
am__EXEEXT_TRUE=''
am__fastdepCC_FALSE='#'
am__fastdepCC_TRUE=''
am__include='include'
am__isrc=''
am__leading_dot='.'
am__nodep='_no'
am__quote=''
am__tar='$${TAR-tar} chof - "$$tardir"'
am__untar='$${TAR-tar} xf -'
bindir='${exec_prefix}/bin'
build='x86_64-unknown-linux-gnu'
build_alias=''
build_cpu='x86_64'
build_os='linux-gnu'
build_vendor='unknown'
datadir='${datarootdir}'
datarootdir='${prefix}/share'
docdir='${datarootdir}/doc/${PACKAGE_TARNAME}'
dvidir='${docdir}'
exec_prefix='NONE'
host='x86_64-unknown-linux-gnu'
host_alias=''
host_cpu='x86_64'
host_os='linux-gnu'
host_vendor='unknown'
htmldir='${docdir}'
includedir='${prefix}/include'
infodir='${datarootdir}/info'
install_sh='${SHELL} /mnt/c/Development/hdf-eos5-rs/hdf-eos5-sys/hdf-eos5-2.0/config/install-sh'
libdir='${exec_prefix}/lib'
libexecdir='${exec_prefix}/libexec'
localedir='${datarootdir}/locale'
localstatedir='${prefix}/var'
mandir='${datarootdir}/man'
mkdir_p='$(MKDIR_P)'
oldincludedir='/usr/include'
pdfdir='${docdir}'
prefix='NONE'
program_transform_name='s,x,x,'
psdir='${docdir}'
sbindir='${exec_prefix}/sbin'
sharedstatedir='${prefix}/com'
sysconfdir='${prefix}/etc'
target_alias=''

## ----------- ##
## confdefs.h. ##
## ----------- ##

/* confdefs.h */
#define PACKAGE_NAME "hdf-eos5"
#define PACKAGE_TARNAME "hdf-eos5"
#define PACKAGE_VERSION "2.0"
#define PACKAGE_STRING "hdf-eos5 2.0"
#define PACKAGE_BUGREPORT "null@bogus.email"
#define PACKAGE_URL ""
#define PACKAGE "hdf-eos5"
#define VERSION "2.0"
#define STDC_HEADERS 1
#define HAVE_SYS_TYPES_H 1
#define HAVE_SYS_STAT_H 1
#define HAVE_STDLIB_H 1
#define HAVE_STRING_H 1
#define HAVE_MEMORY_H 1
#define HAVE_STRINGS_H 1
#define HAVE_INTTYPES_H 1
#define HAVE_STDINT_H 1
#define HAVE_UNISTD_H 1
#define HAVE_DLFCN_H 1
#define LT_OBJDIR ".libs/"
#define HAVE_LIBM 1
#define SIZEOF_LONG 8
#define HAVE_LIBPTHREAD 1
#define HAVE_LIBZ 1

configure: exit 1
